{
  message: 'Database is connected successfully',
  level: 'info',
  label: 'PH',
  timestamp: '2023-06-05T08:02:18.748Z'
}
{
  message: 'Application listening on port 5000',
  level: 'info',
  label: 'PH',
  timestamp: '2023-06-05T08:02:18.782Z'
}
{
  message: 'Database is connected successfully',
  level: 'info',
  label: 'PH',
  timestamp: '2023-06-05T08:02:28.961Z'
}
{
  message: 'Application listening on port 5000',
  level: 'info',
  label: 'PH',
  timestamp: '2023-06-05T08:02:28.970Z'
}
{
  message: 'Database is connected successfully',
  level: 'info',
  label: 'PH',
  timestamp: '2023-06-05T08:02:52.754Z'
}
{
  message: 'Application listening on port 5000',
  level: 'info',
  label: 'PH',
  timestamp: '2023-06-05T08:02:52.780Z'
}
{
  message: 'Database is connected successfully',
  level: 'info',
  label: 'PH',
  timestamp: '2023-06-05T08:03:24.533Z'
}
{
  message: 'Application listening on port 5000',
  level: 'info',
  label: 'PH',
  timestamp: '2023-06-05T08:03:24.546Z'
}
{
  message: 'Database is connected successfully',
  level: 'info',
  label: 'PH',
  timestamp: '2023-06-05T08:03:26.387Z'
}
{
  message: 'Application listening on port 5000',
  level: 'info',
  label: 'PH',
  timestamp: '2023-06-05T08:03:26.406Z'
}
{
  message: 'Database is connected successfully',
  level: 'info',
  label: 'PH',
  timestamp: '2023-06-05T08:34:13.475Z'
}
{
  message: 'Application listening on port 5000',
  level: 'info',
  label: 'PH',
  timestamp: '2023-06-05T08:34:13.489Z'
}
{
  message: 'Database is connected successfully',
  level: 'info',
  label: 'PH',
  timestamp: '2023-06-05T08:34:19.503Z'
}
{
  message: 'Application listening on port 5000',
  level: 'info',
  label: 'PH',
  timestamp: '2023-06-05T08:34:19.513Z'
}
{
  message: 'Database is connected successfully',
  level: 'info',
  label: 'PH',
  timestamp: '2023-06-05T08:34:23.687Z'
}
{
  message: 'Application listening on port 5000',
  level: 'info',
  label: 'PH',
  timestamp: '2023-06-05T08:34:23.703Z'
}
{
  message: 'Database is connected successfully',
  level: 'info',
  label: 'PH',
  timestamp: '2023-06-05T08:34:27.012Z'
}
{
  message: 'Application listening on port 5000',
  level: 'info',
  label: 'PH',
  timestamp: '2023-06-05T08:34:27.027Z'
}
{
  message: 'Database is connected successfully',
  level: 'info',
  label: 'PH',
  timestamp: '2023-06-05T08:34:37.573Z'
}
{
  message: 'Application listening on port 5000',
  level: 'info',
  label: 'PH',
  timestamp: '2023-06-05T08:34:37.584Z'
}
{
  message: 'Database is connected successfully',
  level: 'info',
  label: 'PH',
  timestamp: '2023-06-05T08:34:41.630Z'
}
{
  message: 'Application listening on port 5000',
  level: 'info',
  label: 'PH',
  timestamp: '2023-06-05T08:34:41.639Z'
}
{
  message: 'Database is connected successfully',
  level: 'info',
  label: 'PH',
  timestamp: '2023-06-05T08:34:44.494Z'
}
{
  message: 'Application listening on port 5000',
  level: 'info',
  label: 'PH',
  timestamp: '2023-06-05T08:34:44.519Z'
}
{
  message: 'Database is connected successfully',
  level: 'info',
  label: 'PH',
  timestamp: '2023-06-05T08:35:58.420Z'
}
{
  message: 'Application listening on port 5000',
  level: 'info',
  label: 'PH',
  timestamp: '2023-06-05T08:35:58.439Z'
}
{
  message: 'Database is connected successfully',
  level: 'info',
  label: 'PH',
  timestamp: '2023-06-05T08:36:02.989Z'
}
{
  message: 'Application listening on port 5000',
  level: 'info',
  label: 'PH',
  timestamp: '2023-06-05T08:36:02.999Z'
}
{
  message: 'Database is connected successfully',
  level: 'info',
  label: 'PH',
  timestamp: '2023-06-05T08:36:12.920Z'
}
{
  message: 'Application listening on port 5000',
  level: 'info',
  label: 'PH',
  timestamp: '2023-06-05T08:36:12.940Z'
}
{
  message: 'Database is connected successfully',
  level: 'info',
  label: 'PH',
  timestamp: '2023-06-05T08:36:17.784Z'
}
{
  message: 'Application listening on port 5000',
  level: 'info',
  label: 'PH',
  timestamp: '2023-06-05T08:36:17.811Z'
}
{
  message: 'Database is connected successfully',
  level: 'info',
  label: 'PH',
  timestamp: '2023-06-05T08:36:25.676Z'
}
{
  message: 'Application listening on port 5000',
  level: 'info',
  label: 'PH',
  timestamp: '2023-06-05T08:36:25.686Z'
}
{
  message: 'Database is connected successfully',
  level: 'info',
  label: 'PH',
  timestamp: '2023-06-05T08:36:37.109Z'
}
{
  message: 'Application listening on port 5000',
  level: 'info',
  label: 'PH',
  timestamp: '2023-06-05T08:36:37.124Z'
}
{
  message: 'Database is connected successfully',
  level: 'info',
  label: 'PH',
  timestamp: '2023-06-05T08:37:09.070Z'
}
{
  message: 'Application listening on port 5000',
  level: 'info',
  label: 'PH',
  timestamp: '2023-06-05T08:37:09.081Z'
}
{
  message: 'Database is connected successfully',
  level: 'info',
  label: 'PH',
  timestamp: '2023-06-05T08:37:11.536Z'
}
{
  message: 'Application listening on port 5000',
  level: 'info',
  label: 'PH',
  timestamp: '2023-06-05T08:37:11.546Z'
}
{
  message: 'Database is connected successfully',
  level: 'info',
  label: 'PH',
  timestamp: '2023-06-05T08:37:32.653Z'
}
{
  message: 'Application listening on port 5000',
  level: 'info',
  label: 'PH',
  timestamp: '2023-06-05T08:37:32.666Z'
}
{
  message: 'Database is connected successfully',
  level: 'info',
  label: 'PH',
  timestamp: '2023-06-05T08:37:39.214Z'
}
{
  message: 'Application listening on port 5000',
  level: 'info',
  label: 'PH',
  timestamp: '2023-06-05T08:37:39.225Z'
}
{
  message: 'Database is connected successfully',
  level: 'info',
  label: 'PH',
  timestamp: '2023-06-05T08:37:41.365Z'
}
{
  message: 'Application listening on port 5000',
  level: 'info',
  label: 'PH',
  timestamp: '2023-06-05T08:37:41.375Z'
}
{
  message: 'Database is connected successfully',
  level: 'info',
  label: 'PH',
  timestamp: '2023-06-05T08:37:49.282Z'
}
{
  message: 'Application listening on port 5000',
  level: 'info',
  label: 'PH',
  timestamp: '2023-06-05T08:37:49.324Z'
}
{
  message: 'Database is connected successfully',
  level: 'info',
  label: 'PH',
  timestamp: '2023-06-05T08:37:54.344Z'
}
{
  message: 'Application listening on port 5000',
  level: 'info',
  label: 'PH',
  timestamp: '2023-06-05T08:37:54.358Z'
}
{
  message: 'Database is connected successfully',
  level: 'info',
  label: 'PH',
  timestamp: '2023-06-05T08:37:57.383Z'
}
{
  message: 'Application listening on port 5000',
  level: 'info',
  label: 'PH',
  timestamp: '2023-06-05T08:37:57.396Z'
}
{
  message: 'Database is connected successfully',
  level: 'info',
  label: 'PH',
  timestamp: '2023-06-05T08:38:01.829Z'
}
{
  message: 'Application listening on port 5000',
  level: 'info',
  label: 'PH',
  timestamp: '2023-06-05T08:38:01.840Z'
}
{
  message: 'Database is connected successfully',
  level: 'info',
  label: 'PH',
  timestamp: '2023-06-05T08:38:09.969Z'
}
{
  message: 'Application listening on port 5000',
  level: 'info',
  label: 'PH',
  timestamp: '2023-06-05T08:38:09.978Z'
}
{
  message: 'Database is connected successfully',
  level: 'info',
  label: 'PH',
  timestamp: '2023-06-05T08:38:13.709Z'
}
{
  message: 'Application listening on port 5000',
  level: 'info',
  label: 'PH',
  timestamp: '2023-06-05T08:38:13.731Z'
}
{
  message: 'Database is connected successfully',
  level: 'info',
  label: 'PH',
  timestamp: '2023-06-05T08:39:52.300Z'
}
{
  message: 'Application listening on port 5000',
  level: 'info',
  label: 'PH',
  timestamp: '2023-06-05T08:39:52.336Z'
}
{
  message: 'Database is connected successfully',
  level: 'info',
  label: 'PH',
  timestamp: '2023-06-05T08:41:36.517Z'
}
{
  message: 'Application listening on port 5000',
  level: 'info',
  label: 'PH',
  timestamp: '2023-06-05T08:41:36.528Z'
}
{
  message: 'Database is connected successfully',
  level: 'info',
  label: 'PH',
  timestamp: '2023-06-05T08:41:39.356Z'
}
{
  message: 'Application listening on port 5000',
  level: 'info',
  label: 'PH',
  timestamp: '2023-06-05T08:41:39.372Z'
}
{
  message: 'Database is connected successfully',
  level: 'info',
  label: 'PH',
  timestamp: '2023-06-05T08:41:42.773Z'
}
{
  message: 'Application listening on port 5000',
  level: 'info',
  label: 'PH',
  timestamp: '2023-06-05T08:41:42.784Z'
}
{
  message: 'Database is connected successfully',
  level: 'info',
  label: 'PH',
  timestamp: '2023-06-05T08:43:15.118Z'
}
{
  message: 'Application listening on port 5000',
  level: 'info',
  label: 'PH',
  timestamp: '2023-06-05T08:43:15.129Z'
}
{
  message: 'Database is connected successfully',
  level: 'info',
  label: 'PH',
  timestamp: '2023-06-05T08:43:17.872Z'
}
{
  message: 'Application listening on port 5000',
  level: 'info',
  label: 'PH',
  timestamp: '2023-06-05T08:43:17.896Z'
}
{
  message: 'Database is connected successfully',
  level: 'info',
  label: 'PH',
  timestamp: '2023-06-05T08:43:21.295Z'
}
{
  message: 'Application listening on port 5000',
  level: 'info',
  label: 'PH',
  timestamp: '2023-06-05T08:43:21.307Z'
}
{
  message: 'Database is connected successfully',
  level: 'info',
  label: 'PH',
  timestamp: '2023-06-05T08:43:27.447Z'
}
{
  message: 'Application listening on port 5000',
  level: 'info',
  label: 'PH',
  timestamp: '2023-06-05T08:43:27.469Z'
}
{
  message: 'Database is connected successfully',
  level: 'info',
  label: 'PH',
  timestamp: '2023-06-05T08:43:31.886Z'
}
{
  message: 'Application listening on port 5000',
  level: 'info',
  label: 'PH',
  timestamp: '2023-06-05T08:43:31.907Z'
}
{
  message: 'Database is connected successfully',
  level: 'info',
  label: 'PH',
  timestamp: '2023-06-05T08:43:33.406Z'
}
{
  message: 'Application listening on port 5000',
  level: 'info',
  label: 'PH',
  timestamp: '2023-06-05T08:43:33.436Z'
}
{
  message: 'Database is connected successfully',
  level: 'info',
  label: 'PH',
  timestamp: '2023-06-05T08:44:44.524Z'
}
{
  message: 'Application listening on port 5000',
  level: 'info',
  label: 'PH',
  timestamp: '2023-06-05T08:44:44.547Z'
}
{
  message: 'Database is connected successfully',
  level: 'info',
  label: 'PH',
  timestamp: '2023-06-05T08:45:01.939Z'
}
{
  message: 'Application listening on port 5000',
  level: 'info',
  label: 'PH',
  timestamp: '2023-06-05T08:45:01.948Z'
}
{
  message: 'Database is connected successfully',
  level: 'info',
  label: 'PH',
  timestamp: '2023-06-05T08:45:04.954Z'
}
{
  message: 'Application listening on port 5000',
  level: 'info',
  label: 'PH',
  timestamp: '2023-06-05T08:45:04.966Z'
}
{
  message: 'Database is connected successfully',
  level: 'info',
  label: 'PH',
  timestamp: '2023-06-05T08:45:21.295Z'
}
{
  message: 'Application listening on port 5000',
  level: 'info',
  label: 'PH',
  timestamp: '2023-06-05T08:45:21.308Z'
}
{
  message: 'Database is connected successfully',
  level: 'info',
  label: 'PH',
  timestamp: '2023-06-05T08:45:24.369Z'
}
{
  message: 'Application listening on port 5000',
  level: 'info',
  label: 'PH',
  timestamp: '2023-06-05T08:45:24.382Z'
}
{
  message: 'Database is connected successfully',
  level: 'info',
  label: 'PH',
  timestamp: '2023-06-05T08:45:34.285Z'
}
{
  message: 'Application listening on port 5000',
  level: 'info',
  label: 'PH',
  timestamp: '2023-06-05T08:45:34.295Z'
}
{
  message: 'Database is connected successfully',
  level: 'info',
  label: 'PH',
  timestamp: '2023-06-05T08:45:37.313Z'
}
{
  message: 'Application listening on port 5000',
  level: 'info',
  label: 'PH',
  timestamp: '2023-06-05T08:45:37.342Z'
}
{
  message: 'Database is connected successfully',
  level: 'info',
  label: 'PH',
  timestamp: '2023-06-05T08:45:43.499Z'
}
{
  message: 'Application listening on port 5000',
  level: 'info',
  label: 'PH',
  timestamp: '2023-06-05T08:45:43.517Z'
}
{
  message: 'Database is connected successfully',
  level: 'info',
  label: 'PH',
  timestamp: '2023-06-05T08:45:48.771Z'
}
{
  message: 'Application listening on port 5000',
  level: 'info',
  label: 'PH',
  timestamp: '2023-06-05T08:45:48.791Z'
}
{
  message: 'Database is connected successfully',
  level: 'info',
  label: 'PH',
  timestamp: '2023-06-05T08:46:09.593Z'
}
{
  message: 'Application listening on port 5000',
  level: 'info',
  label: 'PH',
  timestamp: '2023-06-05T08:46:09.609Z'
}
{
  message: 'Database is connected successfully',
  level: 'info',
  label: 'PH',
  timestamp: '2023-06-05T08:46:19.247Z'
}
{
  message: 'Application listening on port 5000',
  level: 'info',
  label: 'PH',
  timestamp: '2023-06-05T08:46:19.261Z'
}
{
  message: 'Database is connected successfully',
  level: 'info',
  label: 'PH',
  timestamp: '2023-06-05T08:47:12.980Z'
}
{
  message: 'Application listening on port 5000',
  level: 'info',
  label: 'PH',
  timestamp: '2023-06-05T08:47:13.019Z'
}
{
  message: 'Database is connected successfully',
  level: 'info',
  label: 'PH',
  timestamp: '2023-06-05T08:52:19.312Z'
}
{
  message: 'Application listening on port 5000',
  level: 'info',
  label: 'PH',
  timestamp: '2023-06-05T08:52:19.329Z'
}
{
  message: 'Database is connected successfully',
  level: 'info',
  label: 'PH',
  timestamp: '2023-06-05T08:52:25.886Z'
}
{
  message: 'Application listening on port 5000',
  level: 'info',
  label: 'PH',
  timestamp: '2023-06-05T08:52:25.901Z'
}
{
  message: 'Database is connected successfully',
  level: 'info',
  label: 'PH',
  timestamp: '2023-06-05T08:52:29.481Z'
}
{
  message: 'Application listening on port 5000',
  level: 'info',
  label: 'PH',
  timestamp: '2023-06-05T08:52:29.492Z'
}
{
  message: 'Database is connected successfully',
  level: 'info',
  label: 'PH',
  timestamp: '2023-06-05T08:52:35.414Z'
}
{
  message: 'Application listening on port 5000',
  level: 'info',
  label: 'PH',
  timestamp: '2023-06-05T08:52:35.424Z'
}
{
  message: 'Database is connected successfully',
  level: 'info',
  label: 'PH',
  timestamp: '2023-06-05T08:52:58.037Z'
}
{
  message: 'Application listening on port 5000',
  level: 'info',
  label: 'PH',
  timestamp: '2023-06-05T08:52:58.059Z'
}
{
  message: 'Database is connected successfully',
  level: 'info',
  label: 'PH',
  timestamp: '2023-06-05T08:52:59.873Z'
}
{
  message: 'Application listening on port 5000',
  level: 'info',
  label: 'PH',
  timestamp: '2023-06-05T08:52:59.902Z'
}
{
  message: 'Database is connected successfully',
  level: 'info',
  label: 'PH',
  timestamp: '2023-06-05T08:54:07.274Z'
}
{
  message: 'Application listening on port 5000',
  level: 'info',
  label: 'PH',
  timestamp: '2023-06-05T08:54:07.295Z'
}
{
  message: 'Database is connected successfully',
  level: 'info',
  label: 'PH',
  timestamp: '2023-06-05T08:54:45.941Z'
}
{
  message: 'Application listening on port 5000',
  level: 'info',
  label: 'PH',
  timestamp: '2023-06-05T08:54:45.958Z'
}
{
  message: 'Database is connected successfully',
  level: 'info',
  label: 'PH',
  timestamp: '2023-06-05T08:54:54.823Z'
}
{
  message: 'Application listening on port 5000',
  level: 'info',
  label: 'PH',
  timestamp: '2023-06-05T08:54:54.852Z'
}
{
  message: 'Database is connected successfully',
  level: 'info',
  label: 'PH',
  timestamp: '2023-06-05T08:55:03.813Z'
}
{
  message: 'Application listening on port 5000',
  level: 'info',
  label: 'PH',
  timestamp: '2023-06-05T08:55:03.826Z'
}
{
  message: 'Database is connected successfully',
  level: 'info',
  label: 'PH',
  timestamp: '2023-06-05T08:55:08.380Z'
}
{
  message: 'Application listening on port 5000',
  level: 'info',
  label: 'PH',
  timestamp: '2023-06-05T08:55:08.393Z'
}
{
  message: 'Database is connected successfully',
  level: 'info',
  label: 'PH',
  timestamp: '2023-06-05T08:55:13.731Z'
}
{
  message: 'Application listening on port 5000',
  level: 'info',
  label: 'PH',
  timestamp: '2023-06-05T08:55:13.745Z'
}
{
  message: 'Database is connected successfully',
  level: 'info',
  label: 'PH',
  timestamp: '2023-06-05T08:55:16.568Z'
}
{
  message: 'Application listening on port 5000',
  level: 'info',
  label: 'PH',
  timestamp: '2023-06-05T08:55:16.586Z'
}
{
  message: 'Database is connected successfully',
  level: 'info',
  label: 'PH',
  timestamp: '2023-06-05T08:55:19.799Z'
}
{
  message: 'Application listening on port 5000',
  level: 'info',
  label: 'PH',
  timestamp: '2023-06-05T08:55:19.836Z'
}
{
  message: 'Database is connected successfully',
  level: 'info',
  label: 'PH',
  timestamp: '2023-06-05T08:55:41.042Z'
}
{
  message: 'Application listening on port 5000',
  level: 'info',
  label: 'PH',
  timestamp: '2023-06-05T08:55:41.051Z'
}
{
  message: 'Database is connected successfully',
  level: 'info',
  label: 'PH',
  timestamp: '2023-06-05T08:56:18.656Z'
}
{
  message: 'Application listening on port 5000',
  level: 'info',
  label: 'PH',
  timestamp: '2023-06-05T08:56:18.681Z'
}
{
  message: 'Database is connected successfully',
  level: 'info',
  label: 'PH',
  timestamp: '2023-06-05T08:56:59.324Z'
}
{
  message: 'Application listening on port 5000',
  level: 'info',
  label: 'PH',
  timestamp: '2023-06-05T08:56:59.373Z'
}
{
  message: 'Database is connected successfully',
  level: 'info',
  label: 'PH',
  timestamp: '2023-06-05T08:57:03.665Z'
}
{
  message: 'Application listening on port 5000',
  level: 'info',
  label: 'PH',
  timestamp: '2023-06-05T08:57:03.697Z'
}
{
  message: 'Database is connected successfully',
  level: 'info',
  label: 'PH',
  timestamp: '2023-06-05T08:57:21.146Z'
}
{
  message: 'Application listening on port 5000',
  level: 'info',
  label: 'PH',
  timestamp: '2023-06-05T08:57:21.166Z'
}
{
  message: 'Database is connected successfully',
  level: 'info',
  label: 'PH',
  timestamp: '2023-06-05T08:57:23.715Z'
}
{
  message: 'Application listening on port 5000',
  level: 'info',
  label: 'PH',
  timestamp: '2023-06-05T08:57:23.741Z'
}
{
  message: 'Database is connected successfully',
  level: 'info',
  label: 'PH',
  timestamp: '2023-06-05T08:57:51.808Z'
}
{
  message: 'Application listening on port 5000',
  level: 'info',
  label: 'PH',
  timestamp: '2023-06-05T08:57:51.844Z'
}
{
  message: 'Database is connected successfully',
  level: 'info',
  label: 'PH',
  timestamp: '2023-06-05T08:58:04.663Z'
}
{
  message: 'Application listening on port 5000',
  level: 'info',
  label: 'PH',
  timestamp: '2023-06-05T08:58:04.677Z'
}
