{ level: 'error', label: 'PH', timestamp: '2023-06-06T06:18:50.940Z' }
{ level: 'error', label: 'PH', timestamp: '2023-06-06T06:30:20.931Z' }
{ level: 'error', label: 'PH', timestamp: '2023-06-06T06:32:55.500Z' }
{
  level: 'error',
  message: 'Failed to connect database server is not defined',
  stack: 'ReferenceError: server is not defined\n' +
    '    at /home/siyam/Personal Projects/university-management-auth-service/src/server.ts:12:11\n' +
    '    at Generator.next (<anonymous>)\n' +
    '    at fulfilled (/home/siyam/Personal Projects/university-management-auth-service/src/server.ts:5:58)\n' +
    '    at processTicksAndRejections (node:internal/process/task_queues:95:5)',
  label: 'PH',
  timestamp: '2023-06-06T06:36:43.827Z'
}
{ level: 'error', label: 'PH', timestamp: '2023-06-06T06:38:07.490Z' }
{
  level: 'error',
  message: 'global error handler x is not defined',
  stack: 'ReferenceError: x is not defined\n' +
    '    at /home/siyam/Personal Projects/university-management-auth-service/src/app.ts:18:15\n' +
    '    at Layer.handle [as handle_request] (/home/siyam/Personal Projects/university-management-auth-service/node_modules/express/lib/router/layer.js:95:5)\n' +
    '    at next (/home/siyam/Personal Projects/university-management-auth-service/node_modules/express/lib/router/route.js:144:13)\n' +
    '    at Route.dispatch (/home/siyam/Personal Projects/university-management-auth-service/node_modules/express/lib/router/route.js:114:3)\n' +
    '    at Layer.handle [as handle_request] (/home/siyam/Personal Projects/university-management-auth-service/node_modules/express/lib/router/layer.js:95:5)\n' +
    '    at /home/siyam/Personal Projects/university-management-auth-service/node_modules/express/lib/router/index.js:284:15\n' +
    '    at Function.process_params (/home/siyam/Personal Projects/university-management-auth-service/node_modules/express/lib/router/index.js:346:12)\n' +
    '    at next (/home/siyam/Personal Projects/university-management-auth-service/node_modules/express/lib/router/index.js:280:10)\n' +
    '    at urlencodedParser (/home/siyam/Personal Projects/university-management-auth-service/node_modules/body-parser/lib/types/urlencoded.js:91:7)\n' +
    '    at Layer.handle [as handle_request] (/home/siyam/Personal Projects/university-management-auth-service/node_modules/express/lib/router/layer.js:95:5)',
  label: 'PH',
  timestamp: '2023-06-06T06:45:57.557Z'
}
