{
  message: "Failed to connect database Could not connect to any servers in your MongoDB Atlas cluster. One common reason is that you're trying to access the database from an IP that isn't whitelisted. Make sure your current IP address is on your Atlas cluster's IP whitelist: https://www.mongodb.com/docs/atlas/security-whitelist/",
  reason: TopologyDescription {
    type: 'ReplicaSetNoPrimary',
    servers: Map(3) {
      'ac-e5hsayw-shard-00-02.jj9yzod.mongodb.net:27017' => ServerDescription {
        address: 'ac-e5hsayw-shard-00-02.jj9yzod.mongodb.net:27017',
        type: 'Unknown',
        hosts: [],
        passives: [],
        arbiters: [],
        tags: {},
        minWireVersion: 0,
        maxWireVersion: 0,
        roundTripTime: -1,
        lastUpdateTime: 4273036,
        lastWriteDate: 0,
        error: null,
        topologyVersion: null,
        setName: null,
        setVersion: null,
        electionId: null,
        logicalSessionTimeoutMinutes: null,
        primary: null,
        me: null,
        '$clusterTime': null
      },
      'ac-e5hsayw-shard-00-00.jj9yzod.mongodb.net:27017' => ServerDescription {
        address: 'ac-e5hsayw-shard-00-00.jj9yzod.mongodb.net:27017',
        type: 'Unknown',
        hosts: [],
        passives: [],
        arbiters: [],
        tags: {},
        minWireVersion: 0,
        maxWireVersion: 0,
        roundTripTime: -1,
        lastUpdateTime: 4273036,
        lastWriteDate: 0,
        error: null,
        topologyVersion: null,
        setName: null,
        setVersion: null,
        electionId: null,
        logicalSessionTimeoutMinutes: null,
        primary: null,
        me: null,
        '$clusterTime': null
      },
      'ac-e5hsayw-shard-00-01.jj9yzod.mongodb.net:27017' => ServerDescription {
        address: 'ac-e5hsayw-shard-00-01.jj9yzod.mongodb.net:27017',
        type: 'Unknown',
        hosts: [],
        passives: [],
        arbiters: [],
        tags: {},
        minWireVersion: 0,
        maxWireVersion: 0,
        roundTripTime: -1,
        lastUpdateTime: 4273036,
        lastWriteDate: 0,
        error: null,
        topologyVersion: null,
        setName: null,
        setVersion: null,
        electionId: null,
        logicalSessionTimeoutMinutes: null,
        primary: null,
        me: null,
        '$clusterTime': null
      }
    },
    stale: false,
    compatible: true,
    heartbeatFrequencyMS: 10000,
    localThresholdMS: 15,
    setName: 'atlas-7sino2-shard-0',
    maxElectionId: null,
    maxSetVersion: null,
    commonWireVersion: 0,
    logicalSessionTimeoutMinutes: null
  },
  code: undefined,
  level: 'error',
  stack: "MongooseServerSelectionError: Could not connect to any servers in your MongoDB Atlas cluster. One common reason is that you're trying to access the database from an IP that isn't whitelisted. Make sure your current IP address is on your Atlas cluster's IP whitelist: https://www.mongodb.com/docs/atlas/security-whitelist/\n" +
    '    at _handleConnectionErrors (/home/siyam/Personal Projects/university-management-auth-service/node_modules/mongoose/lib/connection.js:792:11)\n' +
    '    at NativeConnection.openUri (/home/siyam/Personal Projects/university-management-auth-service/node_modules/mongoose/lib/connection.js:767:11)\n' +
    '    at processTicksAndRejections (node:internal/process/task_queues:95:5)',
  label: 'PH',
  timestamp: '2023-06-05T06:31:11.579Z'
}
