{"level":"info","message":"Database is connected successfully"}
{"level":"info","message":"Application listening on port 5000"}
{"level":"info","message":"Database is connected successfully"}
{"level":"info","message":"Application listening on port 5000"}
{"level":"info","message":"Database is connected successfully"}
{"level":"info","message":"Application listening on port 5000"}
{"level":"info","message":"Database is connected successfully"}
{"level":"info","message":"Application listening on port 5000"}
{"level":"info","message":"Database is connected successfully"}
{"level":"info","message":"Application listening on port 5000"}
{"level":"info","message":"Database is connected successfully"}
{"level":"info","message":"Application listening on port 5000"}
{"level":"info","message":"Database is connected successfully"}
{"level":"info","message":"Application listening on port 5000"}
{"level":"info","message":"Database is connected successfully"}
{"level":"info","message":"Application listening on port 5000"}
2023-06-02T11:26:29.211Z [right meow!] info: Database is connected successfully
2023-06-02T11:26:29.218Z [right meow!] info: Application listening on port 5000
[right meow!] info: Database is connected successfully 2023-06-02T11:27:51.648Z
[right meow!] info: Application listening on port 5000 2023-06-02T11:27:51.655Z
2023-06-02T11:27:56.754Z [right meow!] info: Database is connected successfully
2023-06-02T11:27:56.761Z [right meow!] info: Application listening on port 5000
2023-06-02T11:28:39.209Z [right meow!] info: Database is connected successfully
2023-06-02T11:28:39.216Z [right meow!] info: Application listening on port 5000
2023-06-02T11:29:01.388Z [PH] info: Database is connected successfully
2023-06-02T11:29:01.394Z [PH] info: Application listening on port 5000
2023-06-02T11:29:06.806Z [PH] info: Database is connected successfully
2023-06-02T11:29:06.813Z [PH] info: Application listening on port 5000
2023-06-02T11:29:24.462Z [PH] info: Database is connected successfully
2023-06-02T11:29:24.469Z [PH] info: Application listening on port 5000
2023-06-02T11:29:43.606Z [PH] info: Database is connected successfully
2023-06-02T11:29:43.613Z [PH] info: Application listening on port 5000
2023-06-02T11:29:46.099Z [PH] info: Database is connected successfully
2023-06-02T11:29:46.111Z [PH] info: Application listening on port 5000
2023-06-02T11:29:48.202Z [PH] info: Database is connected successfully
2023-06-02T11:29:48.209Z [PH] info: Application listening on port 5000
2023-06-02T11:29:52.381Z [PH] info: Database is connected successfully
2023-06-02T11:29:52.390Z [PH] info: Application listening on port 5000
2023-06-02T11:30:05.810Z [PH] info: Database is connected successfully
2023-06-02T11:30:05.818Z [PH] info: Application listening on port 5000
2023-06-02T11:30:08.910Z [PH] info: Database is connected successfully
2023-06-02T11:30:08.919Z [PH] info: Application listening on port 5000
2023-06-02T11:30:18.061Z [PH] info: Database is connected successfully
2023-06-02T11:30:18.069Z [PH] info: Application listening on port 5000
2023-06-02T11:30:22.819Z [PH] info: Database is connected successfully
2023-06-02T11:30:22.826Z [PH] info: Application listening on port 5000
Fri Jun 02 2023 17:30:34 GMT+0600 (Bangladesh Standard Time) [PH] info: Database is connected successfully
Fri Jun 02 2023 17:30:34 GMT+0600 (Bangladesh Standard Time) [PH] info: Application listening on port 5000
undefined [PH] info: Database is connected successfully
undefined [PH] info: Application listening on port 5000
Fri Jun 02 2023 [PH] info: Database is connected successfully
Fri Jun 02 2023 [PH] info: Application listening on port 5000
Fri Jun 02 2023 [PH] info: Database is connected successfully
Fri Jun 02 2023 [PH] info: Application listening on port 5000
Fri Jun 02 2023  [PH] info: Database is connected successfully
Fri Jun 02 2023  [PH] info: Application listening on port 5000
Fri Jun 02 2023 17 [PH] info: Database is connected successfully
Fri Jun 02 2023 17 [PH] info: Application listening on port 5000
Fri Jun 02 2023 17:  [PH] info: Database is connected successfully
Fri Jun 02 2023 17:  [PH] info: Application listening on port 5000
Fri Jun 02 2023 17: $ [PH] info: Database is connected successfully
Fri Jun 02 2023 17: $ [PH] info: Application listening on port 5000
Fri Jun 02 2023 17: 31 [PH] info: Database is connected successfully
Fri Jun 02 2023 17: 31 [PH] info: Application listening on port 5000
Fri Jun 02 2023 17: 31: [PH] info: Database is connected successfully
Fri Jun 02 2023 17: 31: [PH] info: Application listening on port 5000
Fri Jun 02 2023 17:31: [PH] info: Database is connected successfully
Fri Jun 02 2023 17:31: [PH] info: Application listening on port 5000
Fri Jun 02 2023 17:31:48 [PH] info: Database is connected successfully
Fri Jun 02 2023 17:31:48 [PH] info: Application listening on port 5000
Fri Jun 02 2023 17:45:14 [PH] info: Database is connected successfully
Fri Jun 02 2023 17:45:14 [PH] info: Application listening on port 5000
Fri Jun 02 2023 17:45:21 [PH] info: Database is connected successfully
Fri Jun 02 2023 17:45:21 [PH] info: Application listening on port 5000
Fri Jun 02 2023 17:45:29 [PH] info: Database is connected successfully
Fri Jun 02 2023 17:45:29 [PH] info: Application listening on port 5000
{
  message: 'Database is connected successfully',
  level: 'info',
  label: 'PH',
  timestamp: '2023-06-02T11:45:34.711Z'
}
{
  message: 'Application listening on port 5000',
  level: 'info',
  label: 'PH',
  timestamp: '2023-06-02T11:45:34.720Z'
}
{
  message: 'Database is connected successfully',
  level: 'info',
  label: 'PH',
  timestamp: '2023-06-02T11:45:44.010Z'
}
{
  message: 'Application listening on port 5000',
  level: 'info',
  label: 'PH',
  timestamp: '2023-06-02T11:45:44.017Z'
}
{
  message: 'Database is connected successfully',
  level: 'info',
  label: 'PH',
  timestamp: '2023-06-02T11:48:25.035Z'
}
{
  message: 'Application listening on port 5000',
  level: 'info',
  label: 'PH',
  timestamp: '2023-06-02T11:48:25.044Z'
}
{
  message: 'Database is connected successfully',
  level: 'info',
  label: 'PH',
  timestamp: '2023-06-02T11:58:10.804Z'
}
{
  message: 'Application listening on port 5000',
  level: 'info',
  label: 'PH',
  timestamp: '2023-06-02T11:58:10.813Z'
}
{
  message: 'Database is connected successfully',
  level: 'info',
  label: 'PH',
  timestamp: '2023-06-02T11:58:19.846Z'
}
{
  message: 'Application listening on port 5000',
  level: 'info',
  label: 'PH',
  timestamp: '2023-06-02T11:58:19.855Z'
}
